<?xml version="1.0" encoding="UTF-8"?>
<!-- Generated by org.testng.reporters.JUnitReportReporter -->
<testsuite hostname="DESKTOP-AVUAUJN" failures="0" tests="1" name="TestngBasics.BrowserLaunch" time="23.558" errors="0" timestamp="2023-05-02T09:47:20 BST" skipped="0">
  <testcase classname="TestngBasics.BrowserLaunch" name="verifyurl" time="23.558"/>
  <system-out/>
</testsuite> <!-- TestngBasics.BrowserLaunch -->
