<?xml version="1.0" encoding="UTF-8"?>
<!-- Generated by org.testng.reporters.JUnitReportReporter -->
<testsuite hostname="DESKTOP-AVUAUJN" failures="0" tests="1" name="TestngAssignments.Isselecteddemo" time="3.789" errors="0" timestamp="2023-04-26T18:49:07 BST" skipped="0">
  <testcase classname="TestngAssignments.Isselecteddemo" name="verifycheckboxselected" time="3.789"/>
  <system-out/>
</testsuite> <!-- TestngAssignments.Isselecteddemo -->
