<?xml version="1.0" encoding="UTF-8"?>
<!-- Generated by org.testng.reporters.JUnitReportReporter -->
<testsuite hostname="DESKTOP-AVUAUJN" failures="0" tests="1" name="TestngAssignments.Assignment1" time="3.399" errors="0" timestamp="2023-04-26T18:42:49 BST" skipped="0">
  <testcase classname="TestngAssignments.Assignment1" name="verifybuttonclick" time="3.399"/>
  <system-out/>
</testsuite> <!-- TestngAssignments.Assignment1 -->
