<?xml version="1.0" encoding="UTF-8"?>
<!-- Generated by org.testng.reporters.JUnitReportReporter -->
<testsuite hostname="DESKTOP-AVUAUJN" failures="0" tests="3" name="TestngBasics.AnnotationExample" time="0.241" errors="0" timestamp="2023-04-24T17:39:45 BST" skipped="0">
  <testcase classname="TestngBasics.AnnotationExample" name="testcase1" time="0.119"/>
  <system-out/>
  <testcase classname="TestngBasics.AnnotationExample" name="testcase2" time="0.110"/>
  <system-out/>
  <testcase classname="TestngBasics.AnnotationExample" name="testcase3" time="0.012"/>
  <system-out/>
</testsuite> <!-- TestngBasics.AnnotationExample -->
