<?xml version="1.0" encoding="UTF-8"?>
<!-- Generated by org.testng.reporters.JUnitReportReporter -->
<testsuite hostname="DESKTOP-AVUAUJN" failures="0" tests="3" name="TestngBasics.TestdataProvider" time="55.184" errors="0" timestamp="2023-04-29T16:16:49 BST" skipped="0">
  <testcase classname="TestngBasics.TestdataProvider" name="verifylogin" time="11.357"/>
  <system-out/>
  <testcase classname="TestngBasics.TestdataProvider" name="verifylogin" time="32.076"/>
  <system-out/>
  <testcase classname="TestngBasics.TestdataProvider" name="verifylogin" time="11.751"/>
  <system-out/>
</testsuite> <!-- TestngBasics.TestdataProvider -->
