<?xml version="1.0" encoding="UTF-8"?>
<!-- Generated by org.testng.reporters.JUnitReportReporter -->
<testsuite hostname="DESKTOP-AVUAUJN" failures="0" tests="2" name="TestngAssignments.TableAssertionDemo" time="10.418" errors="0" timestamp="2023-05-02T09:27:48 BST" skipped="0">
  <testcase classname="TestngAssignments.TableAssertionDemo" name="verifysoftassert" time="1.661"/>
  <system-out/>
  <testcase classname="TestngAssignments.TableAssertionDemo" name="verifyhardassert" time="8.757"/>
  <system-out/>
</testsuite> <!-- TestngAssignments.TableAssertionDemo -->
