<?xml version="1.0" encoding="UTF-8"?>
<!-- Generated by org.testng.reporters.JUnitReportReporter -->
<testsuite hostname="DESKTOP-AVUAUJN" failures="0" tests="1" name="TestngAssignments.FormSubmit" time="7.449" errors="0" timestamp="2023-04-26T19:03:20 BST" skipped="0">
  <testcase classname="TestngAssignments.FormSubmit" name="verifyinputfields" time="7.449"/>
  <system-out/>
</testsuite> <!-- TestngAssignments.FormSubmit -->
