<?xml version="1.0" encoding="UTF-8"?>
<!-- Generated by org.testng.reporters.JUnitReportReporter -->
<testsuite hostname="DESKTOP-AVUAUJN" failures="0" tests="1" name="TestngBasics.LaunchFirefoxBrowser" time="22.717" errors="0" timestamp="2023-04-25T12:14:48 BST" skipped="0">
  <testcase classname="TestngBasics.LaunchFirefoxBrowser" name="verifyurl" time="22.717"/>
  <system-out/>
</testsuite> <!-- TestngBasics.LaunchFirefoxBrowser -->
