<?xml version="1.0" encoding="UTF-8"?>
<!-- Generated by org.testng.reporters.JUnitReportReporter -->
<testsuite hostname="DESKTOP-AVUAUJN" failures="0" tests="2" name="TestngBasics.LauchEdgeBrowser" time="60.426" errors="0" timestamp="2023-05-02T09:47:20 BST" skipped="0">
  <testcase classname="TestngBasics.LauchEdgeBrowser" name="verifyurl" time="34.499"/>
  <system-out/>
  <testcase classname="TestngBasics.LauchEdgeBrowser" name="verifyurl" time="25.927"/>
  <system-out/>
</testsuite> <!-- TestngBasics.LauchEdgeBrowser -->
