<?xml version="1.0" encoding="UTF-8"?>
<!-- Generated by org.testng.reporters.JUnitReportReporter -->
<testsuite hostname="DESKTOP-AVUAUJN" failures="0" tests="1" name="TestngAssignments.SoftAssert" time="5.201" errors="0" timestamp="2023-05-02T10:24:51 BST" skipped="0">
  <testcase classname="TestngAssignments.SoftAssert" name="verifyoptionstext" time="5.201"/>
  <system-out/>
</testsuite> <!-- TestngAssignments.SoftAssert -->
