<?xml version="1.0" encoding="UTF-8"?>
<!-- Generated by org.testng.reporters.JUnitReportReporter -->
<testsuite hostname="DESKTOP-AVUAUJN" failures="0" tests="1" name="TestngAssignments.SearchAssignments" time="7.694" errors="0" timestamp="2023-05-02T10:42:16 BST" skipped="0">
  <testcase classname="TestngAssignments.SearchAssignments" name="verifysearchname" time="7.694"/>
  <system-out/>
</testsuite> <!-- TestngAssignments.SearchAssignments -->
